
**** Build of configuration Debug for project servo_w_4_bit_LCD_2452 ****

"c:\\ti\\ccsv6\\utils\\bin\\gmake" -k all 
'Building file: ../main.c'
'Invoking: MSP430 Compiler'
"c:/ti/ccsv6/tools/compiler/msp430_4.3.3/bin/cl430" -vmsp --abi=eabi --include_path="c:/ti/ccsv6/ccs_base/msp430/include" --include_path="c:/ti/ccsv6/tools/compiler/msp430_4.3.3/include" --advice:power=all -g --define=__MSP430G2452__ --diag_warning=225 --display_error_number --diag_wrap=off --printf_support=minimal --preproc_with_compile --preproc_dependency="main.pp"  "../main.c"
"..\four_bit_lcd.h", line 23: remark #1544-D: (ULP 13.1) Detected loop counting up. Recommend loops count down as detecting zeros is easier
"..\four_bit_lcd.h", line 23: remark #1527-D: (ULP 2.1) Detected SW delay loop using empty loop. Recommend using a timer module instead
"..\four_bit_lcd.h", line 25: remark #1544-D: (ULP 13.1) Detected loop counting up. Recommend loops count down as detecting zeros is easier
"..\four_bit_lcd.h", line 25: remark #1527-D: (ULP 2.1) Detected SW delay loop using empty loop. Recommend using a timer module instead
"../main.c", line 32: warning #552-D: variable "servo_lut" was set but never used
"../main.c", line 40: remark #1544-D: (ULP 13.1) Detected loop counting up. Recommend loops count down as detecting zeros is easier
"../main.c", line 84: remark #1532-D: (ULP 5.3) Detected sprintf() operation(s). Recommend moving them to RAM during run time or not using as these are processing/power intensive
"../main.c", line 95: remark #1532-D: (ULP 5.3) Detected sprintf() operation(s). Recommend moving them to RAM during run time or not using as these are processing/power intensive
"../main.c", line 31: remark #1535-D: (ULP 8.1) variable "servo_stepval" is used as a constant. Recommend declaring variable as either 'static const' or 'const'
"../main.c", line 141: remark #1527-D: (ULP 2.1) Detected SW delay loop using __delay_cycles. Recommend using a timer module instead
"../main.c", line 146: remark #1527-D: (ULP 2.1) Detected SW delay loop using __delay_cycles. Recommend using a timer module instead
"../main.c", line 17: remark #1535-D: (ULP 8.1) variable "PWM_Period" is used as a constant. Recommend declaring variable as either 'static const' or 'const'
"../main.c", line 18: remark #1535-D: (ULP 8.1) variable "PWM_Duty" is used as a constant. Recommend declaring variable as either 'static const' or 'const'
'Finished building: ../main.c'
' '
'Building target: servo_w_4_bit_LCD_2452.out'
'Invoking: MSP430 Linker'
"c:/ti/ccsv6/tools/compiler/msp430_4.3.3/bin/cl430" -vmsp --abi=eabi --advice:power=all -g --define=__MSP430G2452__ --diag_warning=225 --display_error_number --diag_wrap=off --printf_support=minimal -z -m"servo_w_4_bit_LCD_2452.map" --heap_size=80 --stack_size=80 -i"c:/ti/ccsv6/ccs_base/msp430/include" -i"c:/ti/ccsv6/tools/compiler/msp430_4.3.3/lib" -i"c:/ti/ccsv6/tools/compiler/msp430_4.3.3/include" --reread_libs --warn_sections --display_error_number --diag_wrap=off --xml_link_info="servo_w_4_bit_LCD_2452_linkInfo.xml" --rom_model -o "servo_w_4_bit_LCD_2452.out"  "./main.obj" "../lnk_msp430g2452.cmd" -l"libc.a" 
<Linking>
remark #10371-D: (ULP 1.1) Detected no uses of low power mode state changes using LPMx or _bis_SR_register() or __low_power_mode_x() in this project.
'Finished building target: servo_w_4_bit_LCD_2452.out'
' '

**** Build Finished ****
